<?xml version="1.0" encoding="UTF-8"?>
<!-- Generated by org.testng.reporters.JUnitXMLReporter -->
<testsuite ignored="0" hostname="AVDCINDED-6" failures="0" tests="1" name="Sample Login" time="0.055" errors="0" timestamp="2022-08-31T18:34:13 GMT+05:30">
  <testcase classname="com.honeywell.connexo.runner.CucumberRunner" name="@BeforeTest beforeTest" time="-1.661951053777E9">
    <failure type="org.testng.TestNGException" message="
Parameter &amp;apos;RunAgainst&amp;apos; is required by BeforeTest on method beforeTest but has not been marked @Optional or defined
in C:\Users\H522867\OneDrive - Honeywell\Documents\ConnexoCucumber\src\test\java\com\honeywell\connexo\testrunner\testng.xml">
      <![CDATA[org.testng.TestNGException: 
Parameter 'RunAgainst' is required by BeforeTest on method beforeTest but has not been marked @Optional or defined
in C:\Users\H522867\OneDrive - Honeywell\Documents\ConnexoCucumber\src\test\java\com\honeywell\connexo\testrunner\testng.xml
... Removed 21 stack frames]]>
    </failure>
  </testcase> <!-- @BeforeTest beforeTest -->
  <testcase classname="com.honeywell.connexo.runner.CucumberRunner" name="@AfterTest afterTest" time="-1.661951053827E9">
    <skipped/>
  </testcase> <!-- @AfterTest afterTest -->
  <testcase classname="com.honeywell.connexo.runner.CucumberRunner" name="runCukes" time="0.0">
    <skipped/>
  </testcase> <!-- runCukes -->
</testsuite> <!-- Sample Login -->
