<?xml version="1.0" encoding="UTF-8"?>
<testng-results ignored="0" total="1" passed="1" failed="0" skipped="0">
  <reporter-output>
  </reporter-output>
  <suite started-at="2022-09-22T14:04:01 IST" name="ConnexoSmoke" finished-at="2022-09-22T14:04:45 IST" duration-ms="44232">
    <groups>
      <group name="example-testng">
        <method signature="CucumberRunner.runCukes(org.testng.ITestContext)[pri:0, instance:com.honeywell.connexo.runner.CucumberRunner@c430e6c]" name="runCukes" class="com.honeywell.connexo.runner.CucumberRunner"/>
      </group> <!-- example-testng -->
    </groups>
    <test started-at="2022-09-22T14:04:01 IST" name="KeyPairsTest" finished-at="2022-09-22T14:04:45 IST" duration-ms="44232">
      <class name="com.honeywell.connexo.runner.CucumberRunner">
        <test-method is-config="true" signature="beforeSuite(org.testng.ITestContext)[pri:0, instance:com.honeywell.connexo.runner.CucumberRunner@c430e6c]" started-at="2022-09-22T14:04:01 IST" name="beforeSuite" finished-at="2022-09-22T14:04:01 IST" duration-ms="77" status="PASS">
          <params>
            <param index="0">
              <value>
                <![CDATA[org.testng.TestRunner@542f6803]]>
              </value>
            </param>
          </params>
          <reporter-output>
          </reporter-output>
        </test-method> <!-- beforeSuite -->
        <test-method is-config="true" signature="beforeTest(org.testng.ITestContext,java.lang.String,java.lang.String,java.lang.String,java.lang.String,java.lang.String,java.lang.String)[pri:0, instance:com.honeywell.connexo.runner.CucumberRunner@c430e6c]" started-at="2022-09-22T14:04:01 IST" name="beforeTest" finished-at="2022-09-22T14:04:08 IST" duration-ms="6719" status="PASS">
          <params>
            <param index="0">
              <value>
                <![CDATA[org.testng.TestRunner@542f6803]]>
              </value>
            </param>
            <param index="1">
              <value>
                <![CDATA[ConnexoAdmin/Administration/CertificateManagement/KeyPairs.feature]]>
              </value>
            </param>
            <param index="2">
              <value>
                <![CDATA[DEV]]>
              </value>
            </param>
            <param index="3">
              <value>
                <![CDATA[Chrome]]>
              </value>
            </param>
            <param index="4">
              <value>
                <![CDATA[root]]>
              </value>
            </param>
            <param index="5">
              <value>
                <![CDATA[root]]>
              </value>
            </param>
            <param index="6">
              <value>
                <![CDATA[Dileep.Mothe@honeywell.com]]>
              </value>
            </param>
          </params>
          <reporter-output>
          </reporter-output>
        </test-method> <!-- beforeTest -->
        <test-method signature="runCukes(org.testng.ITestContext)[pri:0, instance:com.honeywell.connexo.runner.CucumberRunner@c430e6c]" started-at="2022-09-22T14:04:08 IST" name="runCukes" description="Example of using TestNG Cucumber to invoke cucumber" finished-at="2022-09-22T14:04:44 IST" duration-ms="35916" status="PASS">
          <params>
            <param index="0">
              <value>
                <![CDATA[org.testng.TestRunner@542f6803]]>
              </value>
            </param>
          </params>
          <reporter-output>
          </reporter-output>
        </test-method> <!-- runCukes -->
        <test-method is-config="true" signature="afterTest(org.testng.ITestContext)[pri:0, instance:com.honeywell.connexo.runner.CucumberRunner@c430e6c]" started-at="2022-09-22T14:04:44 IST" name="afterTest" finished-at="2022-09-22T14:04:45 IST" duration-ms="1564" status="PASS">
          <params>
            <param index="0">
              <value>
                <![CDATA[org.testng.TestRunner@542f6803]]>
              </value>
            </param>
          </params>
          <reporter-output>
          </reporter-output>
        </test-method> <!-- afterTest -->
        <test-method is-config="true" signature="afterSuite(org.testng.ITestContext)[pri:0, instance:com.honeywell.connexo.runner.CucumberRunner@c430e6c]" started-at="2022-09-22T14:04:45 IST" name="afterSuite" finished-at="2022-09-22T14:04:45 IST" duration-ms="2" status="PASS">
          <params>
            <param index="0">
              <value>
                <![CDATA[org.testng.TestRunner@542f6803]]>
              </value>
            </param>
          </params>
          <reporter-output>
          </reporter-output>
        </test-method> <!-- afterSuite -->
      </class> <!-- com.honeywell.connexo.runner.CucumberRunner -->
    </test> <!-- KeyPairsTest -->
  </suite> <!-- ConnexoSmoke -->
</testng-results>
